<?xml version="1.0" encoding="UTF-8"?>
<!-- Generated by org.testng.reporters.JUnitXMLReporter -->
<testsuite hostname="SONY" name="Test" tests="2" failures="0" timestamp="31 Aug 2019 17:48:33 GMT" time="56.575" errors="0">
  <testcase name="VerifyLoginSuccesfully" time="0.035" classname="com.crm.testcases.LoginPageTest"/>
  <testcase name="createNEwContactTest" time="0.003" classname="com.crm.testcases.ContactsPageTest">
    <skipped/>
  </testcase> <!-- createNEwContactTest -->
</testsuite> <!-- Test -->
