<?xml version="1.0" encoding="UTF-8"?>
<!-- Generated by org.testng.reporters.JUnitXMLReporter -->
<testsuite hostname="Admin-PC" name="Test" tests="12" failures="0" timestamp="11 Mar 2018 06:14:55 GMT" time="465.916" errors="0">
  <testcase name="verifyHomePageTitleTest" time="0.101" classname="com.crm.testcases.HomePageTest"/>
  <testcase name="verifyUserNameTest" time="0.244" classname="com.crm.testcases.HomePageTest"/>
  <testcase name="verifyContactsLinkTest" time="0.929" classname="com.crm.testcases.HomePageTest"/>
  <testcase name="validateCreatenewContact" time="5.253" classname="com.crm.testcases.ContactsPageTest"/>
  <testcase name="validateCreatenewContact" time="5.013" classname="com.crm.testcases.ContactsPageTest"/>
  <testcase name="validateCreatenewContact" time="5.18" classname="com.crm.testcases.ContactsPageTest"/>
  <testcase name="selectSingleContactTest" time="2.722" classname="com.crm.testcases.ContactsPageTest"/>
  <testcase name="selectMultipleContactTest" time="3.854" classname="com.crm.testcases.ContactsPageTest"/>
  <testcase name="loginPageTitle" time="0.216" classname="com.crm.testcases.LoginPageTest"/>
  <testcase name="crmLogoImageTest" time="1.667" classname="com.crm.testcases.LoginPageTest"/>
  <testcase name="loginTest" time="20.709" classname="com.crm.testcases.LoginPageTest"/>
  <testcase name="validateForgotPasswordLink" time="13.634" classname="com.crm.testcases.LoginPageTest"/>
</testsuite> <!-- Test -->
