<?xml version="1.0" encoding="UTF-8" ?>
<testsuite tests="11" failures="0" name="TestSuite" time="50.798" errors="0" skipped="0">
  <properties>
[...]
</properties>
  <testcase classname="com.crm.testcases.ContactsPageTest" name="validateCreatenewContact" time="10.361"/>
  <testcase classname="com.crm.testcases.ContactsPageTest" name="validateCreatenewContact" time="7.451"/>
  <testcase classname="com.crm.testcases.ContactsPageTest" name="validateCreatenewContact" time="7.095"/>
  <testcase classname="com.crm.testcases.ContactsPageTest" name="selectSingleContactTest" time="2.476"/>
  <testcase classname="com.crm.testcases.HomePageTest" name="verifyHomePageTitleTest" time="0.127"/>
  <testcase classname="com.crm.testcases.LoginPageTest" name="loginPageTitle" time="0.545"/>
  <testcase classname="com.crm.testcases.ContactsPageTest" name="selectMultipleContactTest" time="3.559"/>
  <testcase classname="com.crm.testcases.HomePageTest" name="verifyUserNameTest" time="0.251"/>
  <testcase classname="com.crm.testcases.LoginPageTest" name="crmLogoImageTest" time="0.591"/>
  <testcase classname="com.crm.testcases.HomePageTest" name="verifyContactsLinkTest" time="1.154"/>
  <testcase classname="com.crm.testcases.LoginPageTest" name="loginTest" time="17.188"/>
</testsuite>