<?xml version="1.0" encoding="UTF-8"?>
<!-- Generated by org.testng.reporters.JUnitXMLReporter -->
<testsuite hostname="Admin-PC" name="Default test" tests="5" failures="0" timestamp="11 Mar 2018 05:54:26 GMT" time="251.459" errors="0">
  <testcase name="validateCreatenewContact" time="5.994" classname="com.crm.testcases.ContactsPageTest"/>
  <testcase name="validateCreatenewContact" time="6.339" classname="com.crm.testcases.ContactsPageTest"/>
  <testcase name="validateCreatenewContact" time="5.815" classname="com.crm.testcases.ContactsPageTest"/>
  <testcase name="selectSingleContactTest" time="20.887" classname="com.crm.testcases.ContactsPageTest"/>
  <testcase name="selectMultipleContactTest" time="2.624" classname="com.crm.testcases.ContactsPageTest"/>
</testsuite> <!-- Default test -->
