<?xml version="1.0" encoding="UTF-8"?>
<testng-results skipped="4" failed="0" total="4" passed="0">
  <reporter-output>
  </reporter-output>
  <suite name="Default suite" duration-ms="81337" started-at="2018-12-11T17:51:30Z" finished-at="2018-12-11T17:52:52Z">
    <groups>
    </groups>
    <test name="Default test" duration-ms="81337" started-at="2018-12-11T17:51:30Z" finished-at="2018-12-11T17:52:52Z">
      <class name="com.crm.testcases.DealerPage">
        <test-method status="FAIL" signature="dealerPage()[pri:0, instance:com.crm.testcases.DealerPage@7cd62f43]" name="dealerPage" is-config="true" duration-ms="0" started-at="2018-12-11T23:21:35Z" finished-at="2018-12-11T23:21:35Z">
          <exception class="java.lang.NullPointerException">
            <full-stacktrace>
              <![CDATA[java.lang.NullPointerException
	at com.crm.testcases.DealerPage.dealerPage(DealerPage.java:45)
	at sun.reflect.NativeMethodAccessorImpl.invoke0(Native Method)
	at sun.reflect.NativeMethodAccessorImpl.invoke(Unknown Source)
	at sun.reflect.DelegatingMethodAccessorImpl.invoke(Unknown Source)
	at java.lang.reflect.Method.invoke(Unknown Source)
	at org.testng.internal.MethodInvocationHelper.invokeMethod(MethodInvocationHelper.java:80)
	at org.testng.internal.Invoker.invokeConfigurationMethod(Invoker.java:564)
	at org.testng.internal.Invoker.invokeConfigurations(Invoker.java:213)
	at org.testng.internal.Invoker.invokeMethod(Invoker.java:653)
	at org.testng.internal.Invoker.invokeTestMethod(Invoker.java:901)
	at org.testng.internal.Invoker.invokeTestMethods(Invoker.java:1231)
	at org.testng.internal.TestMethodWorker.invokeTestMethods(TestMethodWorker.java:127)
	at org.testng.internal.TestMethodWorker.run(TestMethodWorker.java:111)
	at org.testng.TestRunner.privateRun(TestRunner.java:767)
	at org.testng.TestRunner.run(TestRunner.java:617)
	at org.testng.SuiteRunner.runTest(SuiteRunner.java:334)
	at org.testng.SuiteRunner.runSequentially(SuiteRunner.java:329)
	at org.testng.SuiteRunner.privateRun(SuiteRunner.java:291)
	at org.testng.SuiteRunner.run(SuiteRunner.java:240)
	at org.testng.SuiteRunnerWorker.runSuite(SuiteRunnerWorker.java:52)
	at org.testng.SuiteRunnerWorker.run(SuiteRunnerWorker.java:86)
	at org.testng.TestNG.runSuitesSequentially(TestNG.java:1198)
	at org.testng.TestNG.runSuitesLocally(TestNG.java:1123)
	at org.testng.TestNG.run(TestNG.java:1031)
	at org.testng.remote.AbstractRemoteTestNG.run(AbstractRemoteTestNG.java:114)
	at org.testng.remote.RemoteTestNG.initAndRun(RemoteTestNG.java:251)
	at org.testng.remote.RemoteTestNG.main(RemoteTestNG.java:77)
]]>
            </full-stacktrace>
          </exception> <!-- java.lang.NullPointerException -->
          <reporter-output>
          </reporter-output>
        </test-method> <!-- dealerPage -->
        <test-method status="SKIP" signature="testNewDealer(java.lang.String)[pri:0, instance:com.crm.testcases.DealerPage@7cd62f43]" name="testNewDealer" duration-ms="12" started-at="2018-12-11T23:22:51Z" data-provider="getCRMTestData" finished-at="2018-12-11T23:22:51Z">
          <params>
            <param index="0">
              <value>
                <![CDATA[wheet1]]>
              </value>
            </param>
          </params>
          <reporter-output>
          </reporter-output>
        </test-method> <!-- testNewDealer -->
        <test-method status="SKIP" signature="quit1()[pri:0, instance:com.crm.testcases.DealerPage@7cd62f43]" name="quit1" is-config="true" duration-ms="0" started-at="2018-12-11T23:22:51Z" finished-at="2018-12-11T23:22:51Z">
          <reporter-output>
          </reporter-output>
        </test-method> <!-- quit1 -->
        <test-method status="SKIP" signature="dealerPage()[pri:0, instance:com.crm.testcases.DealerPage@7cd62f43]" name="dealerPage" is-config="true" duration-ms="0" started-at="2018-12-11T23:22:51Z" finished-at="2018-12-11T23:22:51Z">
          <reporter-output>
          </reporter-output>
        </test-method> <!-- dealerPage -->
        <test-method status="SKIP" signature="testNewDealer(java.lang.String)[pri:0, instance:com.crm.testcases.DealerPage@7cd62f43]" name="testNewDealer" duration-ms="7" started-at="2018-12-11T23:22:51Z" data-provider="getCRMTestData" finished-at="2018-12-11T23:22:51Z">
          <params>
            <param index="0">
              <value>
                <![CDATA[wheet2]]>
              </value>
            </param>
          </params>
          <reporter-output>
          </reporter-output>
        </test-method> <!-- testNewDealer -->
        <test-method status="SKIP" signature="quit1()[pri:0, instance:com.crm.testcases.DealerPage@7cd62f43]" name="quit1" is-config="true" duration-ms="0" started-at="2018-12-11T23:22:51Z" finished-at="2018-12-11T23:22:51Z">
          <reporter-output>
          </reporter-output>
        </test-method> <!-- quit1 -->
        <test-method status="SKIP" signature="dealerPage()[pri:0, instance:com.crm.testcases.DealerPage@7cd62f43]" name="dealerPage" is-config="true" duration-ms="0" started-at="2018-12-11T23:22:51Z" finished-at="2018-12-11T23:22:51Z">
          <reporter-output>
          </reporter-output>
        </test-method> <!-- dealerPage -->
        <test-method status="SKIP" signature="testExcitingDealer()[pri:0, instance:com.crm.testcases.DealerPage@7cd62f43]" name="testExcitingDealer" duration-ms="24" started-at="2018-12-11T23:22:51Z" finished-at="2018-12-11T23:22:51Z">
          <reporter-output>
          </reporter-output>
        </test-method> <!-- testExcitingDealer -->
        <test-method status="SKIP" signature="quit1()[pri:0, instance:com.crm.testcases.DealerPage@7cd62f43]" name="quit1" is-config="true" duration-ms="0" started-at="2018-12-11T23:22:51Z" finished-at="2018-12-11T23:22:51Z">
          <reporter-output>
          </reporter-output>
        </test-method> <!-- quit1 -->
        <test-method status="SKIP" signature="dealerPage()[pri:0, instance:com.crm.testcases.DealerPage@7cd62f43]" name="dealerPage" is-config="true" duration-ms="0" started-at="2018-12-11T23:22:51Z" finished-at="2018-12-11T23:22:51Z">
          <reporter-output>
          </reporter-output>
        </test-method> <!-- dealerPage -->
        <test-method status="SKIP" signature="testFullSearchFormDealer()[pri:0, instance:com.crm.testcases.DealerPage@7cd62f43]" name="testFullSearchFormDealer" duration-ms="11" started-at="2018-12-11T23:22:51Z" finished-at="2018-12-11T23:22:52Z">
          <reporter-output>
          </reporter-output>
        </test-method> <!-- testFullSearchFormDealer -->
        <test-method status="SKIP" signature="quit1()[pri:0, instance:com.crm.testcases.DealerPage@7cd62f43]" name="quit1" is-config="true" duration-ms="0" started-at="2018-12-11T23:22:52Z" finished-at="2018-12-11T23:22:52Z">
          <reporter-output>
          </reporter-output>
        </test-method> <!-- quit1 -->
      </class> <!-- com.crm.testcases.DealerPage -->
    </test> <!-- Default test -->
  </suite> <!-- Default suite -->
</testng-results>
