<?xml version="1.0" encoding="UTF-8"?>
<testng-results skipped="0" failed="0" total="2" passed="2">
  <reporter-output>
  </reporter-output>
  <suite name="CRM Free Application Test" duration-ms="899209" started-at="2019-08-11T17:06:35Z" finished-at="2019-08-11T17:21:34Z">
    <groups>
    </groups>
    <test name="Test" duration-ms="899209" started-at="2019-08-11T17:06:35Z" finished-at="2019-08-11T17:21:34Z">
      <class name="com.crm.testcases.ContactsPageTest">
        <test-method status="PASS" signature="setUp()[pri:0, instance:com.crm.testcases.ContactsPageTest@1a968a59]" name="setUp" is-config="true" duration-ms="792348" started-at="2019-08-11T22:38:11Z" finished-at="2019-08-11T22:51:24Z">
          <reporter-output>
          </reporter-output>
        </test-method> <!-- setUp -->
        <test-method status="PASS" signature="createNEwContactTest()[pri:0, instance:com.crm.testcases.ContactsPageTest@1a968a59]" name="createNEwContactTest" duration-ms="8345" started-at="2019-08-11T22:51:24Z" finished-at="2019-08-11T22:51:32Z">
          <reporter-output>
          </reporter-output>
        </test-method> <!-- createNEwContactTest -->
        <test-method status="PASS" signature="tearDown()[pri:0, instance:com.crm.testcases.ContactsPageTest@1a968a59]" name="tearDown" is-config="true" duration-ms="1558" started-at="2019-08-11T22:51:32Z" finished-at="2019-08-11T22:51:34Z">
          <reporter-output>
          </reporter-output>
        </test-method> <!-- tearDown -->
      </class> <!-- com.crm.testcases.ContactsPageTest -->
      <class name="com.crm.testcases.LoginPageTest">
        <test-method status="PASS" signature="setUp()[pri:0, instance:com.crm.testcases.LoginPageTest@6a41eaa2]" name="setUp" is-config="true" duration-ms="94617" started-at="2019-08-11T22:36:35Z" finished-at="2019-08-11T22:38:09Z">
          <reporter-output>
          </reporter-output>
        </test-method> <!-- setUp -->
        <test-method status="PASS" signature="VerifyLoginSuccesfully()[pri:0, instance:com.crm.testcases.LoginPageTest@6a41eaa2]" name="VerifyLoginSuccesfully" duration-ms="77" started-at="2019-08-11T22:38:09Z" finished-at="2019-08-11T22:38:09Z">
          <reporter-output>
          </reporter-output>
        </test-method> <!-- VerifyLoginSuccesfully -->
        <test-method status="PASS" signature="tearDown()[pri:0, instance:com.crm.testcases.LoginPageTest@6a41eaa2]" name="tearDown" is-config="true" duration-ms="2149" started-at="2019-08-11T22:38:09Z" finished-at="2019-08-11T22:38:11Z">
          <reporter-output>
          </reporter-output>
        </test-method> <!-- tearDown -->
      </class> <!-- com.crm.testcases.LoginPageTest -->
    </test> <!-- Test -->
  </suite> <!-- CRM Free Application Test -->
</testng-results>
