<?xml version="1.0" encoding="UTF-8"?>
<testng-results skipped="0" failed="0" total="12" passed="12">
  <reporter-output>
  </reporter-output>
  <suite name="CRM Free Application Test" duration-ms="465916" started-at="2018-03-11T06:07:09Z" finished-at="2018-03-11T06:14:55Z">
    <groups>
    </groups>
    <test name="Test" duration-ms="465916" started-at="2018-03-11T06:07:09Z" finished-at="2018-03-11T06:14:55Z">
      <class name="com.crm.testcases.HomePageTest">
        <test-method status="PASS" signature="setUp()[pri:0, instance:com.crm.testcases.HomePageTest@14ba872]" name="setUp" is-config="true" duration-ms="34136" started-at="2018-03-11T11:37:09Z" finished-at="2018-03-11T11:37:44Z">
          <reporter-output>
          </reporter-output>
        </test-method> <!-- setUp -->
        <test-method status="PASS" signature="verifyHomePageTitleTest()[pri:0, instance:com.crm.testcases.HomePageTest@14ba872]" name="verifyHomePageTitleTest" duration-ms="101" started-at="2018-03-11T11:37:44Z" finished-at="2018-03-11T11:37:44Z">
          <reporter-output>
          </reporter-output>
        </test-method> <!-- verifyHomePageTitleTest -->
        <test-method status="PASS" signature="tearDown()[pri:0, instance:com.crm.testcases.HomePageTest@14ba872]" name="tearDown" is-config="true" duration-ms="1703" started-at="2018-03-11T11:37:44Z" finished-at="2018-03-11T11:37:45Z">
          <reporter-output>
          </reporter-output>
        </test-method> <!-- tearDown -->
        <test-method status="PASS" signature="setUp()[pri:0, instance:com.crm.testcases.HomePageTest@14ba872]" name="setUp" is-config="true" duration-ms="34476" started-at="2018-03-11T11:37:45Z" finished-at="2018-03-11T11:38:20Z">
          <reporter-output>
          </reporter-output>
        </test-method> <!-- setUp -->
        <test-method status="PASS" signature="verifyUserNameTest()[pri:0, instance:com.crm.testcases.HomePageTest@14ba872]" name="verifyUserNameTest" duration-ms="244" started-at="2018-03-11T11:38:20Z" finished-at="2018-03-11T11:38:20Z">
          <reporter-output>
          </reporter-output>
        </test-method> <!-- verifyUserNameTest -->
        <test-method status="PASS" signature="tearDown()[pri:0, instance:com.crm.testcases.HomePageTest@14ba872]" name="tearDown" is-config="true" duration-ms="1114" started-at="2018-03-11T11:38:20Z" finished-at="2018-03-11T11:38:21Z">
          <reporter-output>
          </reporter-output>
        </test-method> <!-- tearDown -->
        <test-method status="PASS" signature="setUp()[pri:0, instance:com.crm.testcases.HomePageTest@14ba872]" name="setUp" is-config="true" duration-ms="37760" started-at="2018-03-11T11:38:21Z" finished-at="2018-03-11T11:38:59Z">
          <reporter-output>
          </reporter-output>
        </test-method> <!-- setUp -->
        <test-method status="PASS" signature="verifyContactsLinkTest()[pri:0, instance:com.crm.testcases.HomePageTest@14ba872]" name="verifyContactsLinkTest" duration-ms="929" started-at="2018-03-11T11:38:59Z" finished-at="2018-03-11T11:39:00Z">
          <reporter-output>
          </reporter-output>
        </test-method> <!-- verifyContactsLinkTest -->
        <test-method status="PASS" signature="tearDown()[pri:0, instance:com.crm.testcases.HomePageTest@14ba872]" name="tearDown" is-config="true" duration-ms="2129" started-at="2018-03-11T11:39:00Z" finished-at="2018-03-11T11:39:02Z">
          <reporter-output>
          </reporter-output>
        </test-method> <!-- tearDown -->
      </class> <!-- com.crm.testcases.HomePageTest -->
      <class name="com.crm.testcases.ContactsPageTest">
        <test-method status="PASS" signature="setUp()[pri:0, instance:com.crm.testcases.ContactsPageTest@6ba0ac]" name="setUp" is-config="true" duration-ms="37887" started-at="2018-03-11T11:39:04Z" finished-at="2018-03-11T11:39:42Z">
          <reporter-output>
          </reporter-output>
        </test-method> <!-- setUp -->
        <test-method status="PASS" signature="validateCreatenewContact(java.lang.String, java.lang.String, java.lang.String, java.lang.String)[pri:0, instance:com.crm.testcases.ContactsPageTest@6ba0ac]" name="validateCreatenewContact" duration-ms="5253" started-at="2018-03-11T11:39:42Z" data-provider="getCRMTestData" finished-at="2018-03-11T11:39:48Z">
          <params>
            <param index="0">
              <value>
                <![CDATA[Mr.]]>
              </value>
            </param>
            <param index="1">
              <value>
                <![CDATA[Tom]]>
              </value>
            </param>
            <param index="2">
              <value>
                <![CDATA[Kumar]]>
              </value>
            </param>
            <param index="3">
              <value>
                <![CDATA[Amazon]]>
              </value>
            </param>
          </params>
          <reporter-output>
          </reporter-output>
        </test-method> <!-- validateCreatenewContact -->
        <test-method status="PASS" signature="tearDown()[pri:0, instance:com.crm.testcases.ContactsPageTest@6ba0ac]" name="tearDown" is-config="true" duration-ms="947" started-at="2018-03-11T11:39:48Z" finished-at="2018-03-11T11:39:48Z">
          <reporter-output>
          </reporter-output>
        </test-method> <!-- tearDown -->
        <test-method status="PASS" signature="setUp()[pri:0, instance:com.crm.testcases.ContactsPageTest@6ba0ac]" name="setUp" is-config="true" duration-ms="35558" started-at="2018-03-11T11:39:48Z" finished-at="2018-03-11T11:40:24Z">
          <reporter-output>
          </reporter-output>
        </test-method> <!-- setUp -->
        <test-method status="PASS" signature="validateCreatenewContact(java.lang.String, java.lang.String, java.lang.String, java.lang.String)[pri:0, instance:com.crm.testcases.ContactsPageTest@6ba0ac]" name="validateCreatenewContact" duration-ms="5013" started-at="2018-03-11T11:40:24Z" data-provider="getCRMTestData" finished-at="2018-03-11T11:40:29Z">
          <params>
            <param index="0">
              <value>
                <![CDATA[Dr.]]>
              </value>
            </param>
            <param index="1">
              <value>
                <![CDATA[David]]>
              </value>
            </param>
            <param index="2">
              <value>
                <![CDATA[Kumar]]>
              </value>
            </param>
            <param index="3">
              <value>
                <![CDATA[Google]]>
              </value>
            </param>
          </params>
          <reporter-output>
          </reporter-output>
        </test-method> <!-- validateCreatenewContact -->
        <test-method status="PASS" signature="tearDown()[pri:0, instance:com.crm.testcases.ContactsPageTest@6ba0ac]" name="tearDown" is-config="true" duration-ms="911" started-at="2018-03-11T11:40:29Z" finished-at="2018-03-11T11:40:30Z">
          <reporter-output>
          </reporter-output>
        </test-method> <!-- tearDown -->
        <test-method status="PASS" signature="setUp()[pri:0, instance:com.crm.testcases.ContactsPageTest@6ba0ac]" name="setUp" is-config="true" duration-ms="38901" started-at="2018-03-11T11:40:30Z" finished-at="2018-03-11T11:41:09Z">
          <reporter-output>
          </reporter-output>
        </test-method> <!-- setUp -->
        <test-method status="PASS" signature="validateCreatenewContact(java.lang.String, java.lang.String, java.lang.String, java.lang.String)[pri:0, instance:com.crm.testcases.ContactsPageTest@6ba0ac]" name="validateCreatenewContact" duration-ms="5180" started-at="2018-03-11T11:41:09Z" data-provider="getCRMTestData" finished-at="2018-03-11T11:41:14Z">
          <params>
            <param index="0">
              <value>
                <![CDATA[Mrs.]]>
              </value>
            </param>
            <param index="1">
              <value>
                <![CDATA[Shreya]]>
              </value>
            </param>
            <param index="2">
              <value>
                <![CDATA[Kumari]]>
              </value>
            </param>
            <param index="3">
              <value>
                <![CDATA[Microsoft]]>
              </value>
            </param>
          </params>
          <reporter-output>
          </reporter-output>
        </test-method> <!-- validateCreatenewContact -->
        <test-method status="PASS" signature="tearDown()[pri:0, instance:com.crm.testcases.ContactsPageTest@6ba0ac]" name="tearDown" is-config="true" duration-ms="3410" started-at="2018-03-11T11:41:14Z" finished-at="2018-03-11T11:41:17Z">
          <reporter-output>
          </reporter-output>
        </test-method> <!-- tearDown -->
        <test-method status="PASS" signature="setUp()[pri:0, instance:com.crm.testcases.ContactsPageTest@6ba0ac]" name="setUp" is-config="true" duration-ms="34509" started-at="2018-03-11T11:41:17Z" finished-at="2018-03-11T11:41:52Z">
          <reporter-output>
          </reporter-output>
        </test-method> <!-- setUp -->
        <test-method status="PASS" signature="selectSingleContactTest()[pri:0, instance:com.crm.testcases.ContactsPageTest@6ba0ac]" name="selectSingleContactTest" duration-ms="2722" started-at="2018-03-11T11:41:52Z" finished-at="2018-03-11T11:41:55Z">
          <reporter-output>
          </reporter-output>
        </test-method> <!-- selectSingleContactTest -->
        <test-method status="PASS" signature="tearDown()[pri:0, instance:com.crm.testcases.ContactsPageTest@6ba0ac]" name="tearDown" is-config="true" duration-ms="839" started-at="2018-03-11T11:41:55Z" finished-at="2018-03-11T11:41:56Z">
          <reporter-output>
          </reporter-output>
        </test-method> <!-- tearDown -->
        <test-method status="PASS" signature="setUp()[pri:0, instance:com.crm.testcases.ContactsPageTest@6ba0ac]" name="setUp" is-config="true" duration-ms="40058" started-at="2018-03-11T11:41:56Z" finished-at="2018-03-11T11:42:36Z">
          <reporter-output>
          </reporter-output>
        </test-method> <!-- setUp -->
        <test-method status="PASS" signature="selectMultipleContactTest()[pri:0, instance:com.crm.testcases.ContactsPageTest@6ba0ac]" name="selectMultipleContactTest" duration-ms="3854" started-at="2018-03-11T11:42:36Z" finished-at="2018-03-11T11:42:39Z">
          <reporter-output>
          </reporter-output>
        </test-method> <!-- selectMultipleContactTest -->
        <test-method status="PASS" signature="tearDown()[pri:0, instance:com.crm.testcases.ContactsPageTest@6ba0ac]" name="tearDown" is-config="true" duration-ms="1829" started-at="2018-03-11T11:42:39Z" finished-at="2018-03-11T11:42:41Z">
          <reporter-output>
          </reporter-output>
        </test-method> <!-- tearDown -->
      </class> <!-- com.crm.testcases.ContactsPageTest -->
      <class name="com.crm.testcases.LoginPageTest">
        <test-method status="PASS" signature="setUp()[pri:0, instance:com.crm.testcases.LoginPageTest@1622fdf]" name="setUp" is-config="true" duration-ms="20680" started-at="2018-03-11T11:42:41Z" finished-at="2018-03-11T11:43:02Z">
          <reporter-output>
          </reporter-output>
        </test-method> <!-- setUp -->
        <test-method status="PASS" signature="loginPageTitle()[pri:0, instance:com.crm.testcases.LoginPageTest@1622fdf]" name="loginPageTitle" duration-ms="216" started-at="2018-03-11T11:43:02Z" finished-at="2018-03-11T11:43:02Z">
          <reporter-output>
          </reporter-output>
        </test-method> <!-- loginPageTitle -->
        <test-method status="PASS" signature="tearDown()[pri:0, instance:com.crm.testcases.LoginPageTest@1622fdf]" name="tearDown" is-config="true" duration-ms="3578" started-at="2018-03-11T11:43:02Z" finished-at="2018-03-11T11:43:06Z">
          <reporter-output>
          </reporter-output>
        </test-method> <!-- tearDown -->
        <test-method status="PASS" signature="setUp()[pri:0, instance:com.crm.testcases.LoginPageTest@1622fdf]" name="setUp" is-config="true" duration-ms="20706" started-at="2018-03-11T11:43:06Z" finished-at="2018-03-11T11:43:26Z">
          <reporter-output>
          </reporter-output>
        </test-method> <!-- setUp -->
        <test-method status="PASS" signature="crmLogoImageTest()[pri:0, instance:com.crm.testcases.LoginPageTest@1622fdf]" name="crmLogoImageTest" duration-ms="1667" started-at="2018-03-11T11:43:26Z" finished-at="2018-03-11T11:43:28Z">
          <reporter-output>
          </reporter-output>
        </test-method> <!-- crmLogoImageTest -->
        <test-method status="PASS" signature="tearDown()[pri:0, instance:com.crm.testcases.LoginPageTest@1622fdf]" name="tearDown" is-config="true" duration-ms="7440" started-at="2018-03-11T11:43:28Z" finished-at="2018-03-11T11:43:36Z">
          <reporter-output>
          </reporter-output>
        </test-method> <!-- tearDown -->
        <test-method status="PASS" signature="setUp()[pri:0, instance:com.crm.testcases.LoginPageTest@1622fdf]" name="setUp" is-config="true" duration-ms="22723" started-at="2018-03-11T11:43:36Z" finished-at="2018-03-11T11:43:58Z">
          <reporter-output>
          </reporter-output>
        </test-method> <!-- setUp -->
        <test-method status="PASS" signature="loginTest()[pri:0, instance:com.crm.testcases.LoginPageTest@1622fdf]" name="loginTest" duration-ms="20709" started-at="2018-03-11T11:43:58Z" finished-at="2018-03-11T11:44:19Z">
          <reporter-output>
          </reporter-output>
        </test-method> <!-- loginTest -->
        <test-method status="PASS" signature="tearDown()[pri:0, instance:com.crm.testcases.LoginPageTest@1622fdf]" name="tearDown" is-config="true" duration-ms="810" started-at="2018-03-11T11:44:19Z" finished-at="2018-03-11T11:44:20Z">
          <reporter-output>
          </reporter-output>
        </test-method> <!-- tearDown -->
        <test-method status="PASS" signature="setUp()[pri:0, instance:com.crm.testcases.LoginPageTest@1622fdf]" name="setUp" is-config="true" duration-ms="20935" started-at="2018-03-11T11:44:20Z" finished-at="2018-03-11T11:44:41Z">
          <reporter-output>
          </reporter-output>
        </test-method> <!-- setUp -->
        <test-method status="PASS" signature="validateForgotPasswordLink()[pri:0, instance:com.crm.testcases.LoginPageTest@1622fdf]" name="validateForgotPasswordLink" duration-ms="13634" started-at="2018-03-11T11:44:41Z" finished-at="2018-03-11T11:44:54Z">
          <reporter-output>
          </reporter-output>
        </test-method> <!-- validateForgotPasswordLink -->
        <test-method status="PASS" signature="tearDown()[pri:0, instance:com.crm.testcases.LoginPageTest@1622fdf]" name="tearDown" is-config="true" duration-ms="957" started-at="2018-03-11T11:44:54Z" finished-at="2018-03-11T11:44:55Z">
          <reporter-output>
          </reporter-output>
        </test-method> <!-- tearDown -->
      </class> <!-- com.crm.testcases.LoginPageTest -->
    </test> <!-- Test -->
  </suite> <!-- CRM Free Application Test -->
</testng-results>
