<?xml version="1.0" encoding="UTF-8"?>
<!-- Generated by org.testng.reporters.JUnitXMLReporter -->
<testsuite hostname="Admin-PC" name="Command line test" tests="11" failures="0" timestamp="25 Feb 2018 07:46:14 GMT" time="418.684" errors="0">
  <testcase name="validateCreatenewContact" time="10.358" classname="com.crm.testcases.ContactsPageTest"/>
  <testcase name="validateCreatenewContact" time="7.452" classname="com.crm.testcases.ContactsPageTest"/>
  <testcase name="validateCreatenewContact" time="7.093" classname="com.crm.testcases.ContactsPageTest"/>
  <testcase name="selectSingleContactTest" time="2.476" classname="com.crm.testcases.ContactsPageTest"/>
  <testcase name="verifyHomePageTitleTest" time="0.127" classname="com.crm.testcases.HomePageTest"/>
  <testcase name="loginPageTitle" time="0.531" classname="com.crm.testcases.LoginPageTest"/>
  <testcase name="selectMultipleContactTest" time="3.56" classname="com.crm.testcases.ContactsPageTest"/>
  <testcase name="verifyUserNameTest" time="0.249" classname="com.crm.testcases.HomePageTest"/>
  <testcase name="crmLogoImageTest" time="0.599" classname="com.crm.testcases.LoginPageTest"/>
  <testcase name="verifyContactsLinkTest" time="1.154" classname="com.crm.testcases.HomePageTest"/>
  <testcase name="loginTest" time="17.199" classname="com.crm.testcases.LoginPageTest"/>
</testsuite> <!-- Command line test -->
